<decision>
robotId : 2
decisionId : 1
tier : 3
targetX : 10
targetY : 12
goalState : FALSE
actionChosen : 1
<1,1> : 1
<1,2> : 33
<2,1> : 4
<2,2> : 92
robotLocationX : 5
robotLocationY : 6
</decision>
<decision>
robotId : 2
decisionId : 2
tier : 3
targetX : 10
targetY : 12
goalState : FALSE
actionChosen : 2
<1,1> : 23
<1,2> : 33
<2,1> : 234
<2,2> : 32
robotLocationX : 3
robotLocationY : 12
</decision>
<decision>
robotId : 2
decisionId : 3
tier : 3
targetX : 12
targetY : 14
goalState : TRUE
actionChosen : 1
<1,1> : 2
<1,2> : 3
<2,1> : 2
<2,2> : 3
robotLocationX : 10
robotLocationY : 9
</decision>
